{"/Users/jasonwong/Documents/memory-card-game/src/helpers/utils.ts": {"path":"/Users/jasonwong/Documents/memory-card-game/src/helpers/utils.ts","statementMap":{"0":{"start":{"line":7,"column":41},"end":{"line":15,"column":1}},"1":{"start":{"line":8,"column":23},"end":{"line":8,"column":25}},"2":{"start":{"line":9,"column":2},"end":{"line":12,"column":null}},"3":{"start":{"line":10,"column":16},"end":{"line":10,"column":51}},"4":{"start":{"line":11,"column":4},"end":{"line":11,"column":null}},"5":{"start":{"line":11,"column":29},"end":{"line":11,"column":null}},"6":{"start":{"line":14,"column":2},"end":{"line":14,"column":null}},"7":{"start":{"line":7,"column":13},"end":{"line":7,"column":41}},"8":{"start":{"line":22,"column":29},"end":{"line":31,"column":1}},"9":{"start":{"line":23,"column":24},"end":{"line":23,"column":34}},"10":{"start":{"line":25,"column":2},"end":{"line":28,"column":null}},"11":{"start":{"line":25,"column":15},"end":{"line":25,"column":39}},"12":{"start":{"line":26,"column":12},"end":{"line":26,"column":47}},"13":{"start":{"line":27,"column":5},"end":{"line":27,"column":null}},"14":{"start":{"line":30,"column":2},"end":{"line":30,"column":null}},"15":{"start":{"line":22,"column":14},"end":{"line":22,"column":29}},"16":{"start":{"line":39,"column":25},"end":{"line":43,"column":1}},"17":{"start":{"line":40,"column":2},"end":{"line":42,"column":null}},"18":{"start":{"line":42,"column":26},"end":{"line":42,"column":42}},"19":{"start":{"line":39,"column":13},"end":{"line":39,"column":25}}},"fnMap":{"0":{"name":"(anonymous_0)","decl":{"start":{"line":7,"column":41},"end":{"line":7,"column":42}},"loc":{"start":{"line":7,"column":72},"end":{"line":15,"column":1}}},"1":{"name":"(anonymous_1)","decl":{"start":{"line":22,"column":29},"end":{"line":22,"column":30}},"loc":{"start":{"line":22,"column":49},"end":{"line":31,"column":1}}},"2":{"name":"(anonymous_2)","decl":{"start":{"line":39,"column":25},"end":{"line":39,"column":26}},"loc":{"start":{"line":39,"column":52},"end":{"line":43,"column":1}}},"3":{"name":"(anonymous_3)","decl":{"start":{"line":42,"column":10},"end":{"line":42,"column":11}},"loc":{"start":{"line":42,"column":26},"end":{"line":42,"column":42}}}},"branchMap":{"0":{"loc":{"start":{"line":11,"column":4},"end":{"line":11,"column":null}},"type":"if","locations":[{"start":{"line":11,"column":4},"end":{"line":11,"column":null}},{"start":{"line":11,"column":4},"end":{"line":11,"column":null}}]},"1":{"loc":{"start":{"line":40,"column":9},"end":{"line":40,"column":25}},"type":"binary-expr","locations":[{"start":{"line":40,"column":9},"end":{"line":40,"column":25}},{"start":{"line":40,"column":29},"end":{"line":40,"column":45}},{"start":{"line":41,"column":2},"end":{"line":41,"column":23}},{"start":{"line":42,"column":2},"end":{"line":42,"column":43}}]}},"s":{"0":2,"1":10,"2":10,"3":56,"4":56,"5":55,"6":10,"7":2,"8":2,"9":7,"10":7,"11":7,"12":67,"13":67,"14":7,"15":2,"16":2,"17":1,"18":1,"19":2},"f":{"0":10,"1":7,"2":1,"3":1},"b":{"0":[55,1],"1":[1,1,1,1]}}
,"/Users/jasonwong/Documents/memory-card-game/src/styles/styles.ts": {"path":"/Users/jasonwong/Documents/memory-card-game/src/styles/styles.ts","statementMap":{"0":{"start":{"line":2,"column":13},"end":{"line":5,"column":null}},"1":{"start":{"line":7,"column":13},"end":{"line":17,"column":null}}},"fnMap":{},"branchMap":{},"s":{"0":3,"1":3},"f":{},"b":{}}
,"/Users/jasonwong/Documents/memory-card-game/src/view/game/GameScreen.tsx": {"path":"/Users/jasonwong/Documents/memory-card-game/src/view/game/GameScreen.tsx","statementMap":{"0":{"start":{"line":1,"column":0},"end":{"line":1,"column":71}},"1":{"start":{"line":2,"column":0},"end":{"line":2,"column":58}},"2":{"start":{"line":3,"column":0},"end":{"line":3,"column":54}},"3":{"start":{"line":4,"column":0},"end":{"line":4,"column":66}},"4":{"start":{"line":5,"column":0},"end":{"line":5,"column":39}},"5":{"start":{"line":6,"column":0},"end":{"line":6,"column":44}},"6":{"start":{"line":7,"column":0},"end":{"line":7,"column":48}},"7":{"start":{"line":9,"column":13},"end":{"line":9,"column":null}},"8":{"start":{"line":10,"column":13},"end":{"line":10,"column":null}},"9":{"start":{"line":11,"column":13},"end":{"line":11,"column":null}},"10":{"start":{"line":12,"column":13},"end":{"line":12,"column":null}},"11":{"start":{"line":13,"column":13},"end":{"line":13,"column":null}},"12":{"start":{"line":14,"column":13},"end":{"line":14,"column":null}},"13":{"start":{"line":21,"column":25},"end":{"line":21,"column":44}},"14":{"start":{"line":23,"column":28},"end":{"line":23,"column":50}},"15":{"start":{"line":24,"column":46},"end":{"line":27,"column":29}},"16":{"start":{"line":28,"column":38},"end":{"line":28,"column":57}},"17":{"start":{"line":29,"column":36},"end":{"line":29,"column":58}},"18":{"start":{"line":30,"column":42},"end":{"line":31,"column":null}},"19":{"start":{"line":34,"column":4},"end":{"line":34,"column":28}},"20":{"start":{"line":36,"column":18},"end":{"line":36,"column":42}},"21":{"start":{"line":41,"column":24},"end":{"line":44,"column":3}},"22":{"start":{"line":42,"column":26},"end":{"line":42,"column":72}},"23":{"start":{"line":43,"column":4},"end":{"line":43,"column":null}},"24":{"start":{"line":49,"column":28},"end":{"line":60,"column":3}},"25":{"start":{"line":51,"column":17},"end":{"line":51,"column":53}},"26":{"start":{"line":54,"column":19},"end":{"line":54,"column":29}},"27":{"start":{"line":57,"column":18},"end":{"line":57,"column":36}},"28":{"start":{"line":59,"column":4},"end":{"line":59,"column":null}},"29":{"start":{"line":62,"column":22},"end":{"line":79,"column":3}},"30":{"start":{"line":64,"column":4},"end":{"line":66,"column":null}},"31":{"start":{"line":65,"column":6},"end":{"line":65,"column":null}},"32":{"start":{"line":68,"column":4},"end":{"line":78,"column":null}},"33":{"start":{"line":70,"column":6},"end":{"line":70,"column":null}},"34":{"start":{"line":70,"column":29},"end":{"line":70,"column":43}},"35":{"start":{"line":73,"column":6},"end":{"line":73,"column":null}},"36":{"start":{"line":75,"column":6},"end":{"line":75,"column":null}},"37":{"start":{"line":77,"column":6},"end":{"line":77,"column":null}},"38":{"start":{"line":84,"column":18},"end":{"line":103,"column":3}},"39":{"start":{"line":85,"column":36},"end":{"line":85,"column":45}},"40":{"start":{"line":88,"column":4},"end":{"line":88,"column":null}},"41":{"start":{"line":91,"column":4},"end":{"line":98,"column":null}},"42":{"start":{"line":92,"column":6},"end":{"line":92,"column":null}},"43":{"start":{"line":92,"column":33},"end":{"line":92,"column":70}},"44":{"start":{"line":95,"column":6},"end":{"line":95,"column":null}},"45":{"start":{"line":97,"column":6},"end":{"line":97,"column":12}},"46":{"start":{"line":100,"column":4},"end":{"line":102,"column":null}},"47":{"start":{"line":101,"column":6},"end":{"line":101,"column":null}},"48":{"start":{"line":109,"column":25},"end":{"line":111,"column":3}},"49":{"start":{"line":110,"column":4},"end":{"line":110,"column":null}},"50":{"start":{"line":118,"column":25},"end":{"line":120,"column":3}},"51":{"start":{"line":119,"column":4},"end":{"line":119,"column":null}},"52":{"start":{"line":125,"column":27},"end":{"line":129,"column":3}},"53":{"start":{"line":126,"column":4},"end":{"line":128,"column":null}},"54":{"start":{"line":127,"column":6},"end":{"line":127,"column":null}},"55":{"start":{"line":131,"column":30},"end":{"line":142,"column":3}},"56":{"start":{"line":132,"column":4},"end":{"line":141,"column":null}},"57":{"start":{"line":138,"column":25},"end":{"line":138,"column":34}},"58":{"start":{"line":147,"column":18},"end":{"line":153,"column":3}},"59":{"start":{"line":148,"column":4},"end":{"line":148,"column":null}},"60":{"start":{"line":149,"column":4},"end":{"line":149,"column":null}},"61":{"start":{"line":150,"column":4},"end":{"line":150,"column":null}},"62":{"start":{"line":151,"column":4},"end":{"line":151,"column":null}},"63":{"start":{"line":152,"column":4},"end":{"line":152,"column":null}},"64":{"start":{"line":155,"column":2},"end":{"line":165,"column":null}},"65":{"start":{"line":157,"column":41},"end":{"line":157,"column":45}},"66":{"start":{"line":158,"column":4},"end":{"line":160,"column":null}},"67":{"start":{"line":159,"column":6},"end":{"line":159,"column":null}},"68":{"start":{"line":162,"column":4},"end":{"line":164,"column":null}},"69":{"start":{"line":163,"column":6},"end":{"line":163,"column":null}},"70":{"start":{"line":167,"column":2},"end":{"line":169,"column":null}},"71":{"start":{"line":168,"column":4},"end":{"line":168,"column":null}},"72":{"start":{"line":171,"column":2},"end":{"line":177,"column":null}},"73":{"start":{"line":173,"column":4},"end":{"line":176,"column":null}},"74":{"start":{"line":174,"column":6},"end":{"line":174,"column":null}},"75":{"start":{"line":175,"column":6},"end":{"line":175,"column":null}},"76":{"start":{"line":179,"column":2},"end":{"line":207,"column":null}},"77":{"start":{"line":190,"column":29},"end":{"line":190,"column":38}},"78":{"start":{"line":193,"column":10},"end":{"line":202,"column":null}},"79":{"start":{"line":202,"column":31},"end":{"line":202,"column":47}},"80":{"start":{"line":16,"column":0},"end":{"line":16,"column":24}},"81":{"start":{"line":210,"column":15},"end":{"line":221,"column":2}}},"fnMap":{"0":{"name":"GameScreen","decl":{"start":{"line":16,"column":24},"end":{"line":16,"column":34}},"loc":{"start":{"line":20,"column":1},"end":{"line":208,"column":1}}},"1":{"name":"(anonymous_8)","decl":{"start":{"line":41,"column":24},"end":{"line":41,"column":27}},"loc":{"start":{"line":41,"column":29},"end":{"line":44,"column":3}}},"2":{"name":"(anonymous_9)","decl":{"start":{"line":49,"column":28},"end":{"line":49,"column":31}},"loc":{"start":{"line":49,"column":33},"end":{"line":60,"column":3}}},"3":{"name":"(anonymous_10)","decl":{"start":{"line":62,"column":22},"end":{"line":62,"column":23}},"loc":{"start":{"line":62,"column":38},"end":{"line":79,"column":3}}},"4":{"name":"(anonymous_11)","decl":{"start":{"line":70,"column":19},"end":{"line":70,"column":20}},"loc":{"start":{"line":70,"column":29},"end":{"line":70,"column":43}}},"5":{"name":"(anonymous_12)","decl":{"start":{"line":84,"column":18},"end":{"line":84,"column":21}},"loc":{"start":{"line":84,"column":23},"end":{"line":103,"column":3}}},"6":{"name":"(anonymous_13)","decl":{"start":{"line":92,"column":22},"end":{"line":92,"column":23}},"loc":{"start":{"line":92,"column":33},"end":{"line":92,"column":70}}},"7":{"name":"(anonymous_14)","decl":{"start":{"line":100,"column":33},"end":{"line":100,"column":36}},"loc":{"start":{"line":100,"column":38},"end":{"line":102,"column":5}}},"8":{"name":"(anonymous_15)","decl":{"start":{"line":109,"column":25},"end":{"line":109,"column":26}},"loc":{"start":{"line":109,"column":41},"end":{"line":111,"column":3}}},"9":{"name":"(anonymous_16)","decl":{"start":{"line":118,"column":25},"end":{"line":118,"column":26}},"loc":{"start":{"line":118,"column":41},"end":{"line":120,"column":3}}},"10":{"name":"(anonymous_17)","decl":{"start":{"line":125,"column":27},"end":{"line":125,"column":30}},"loc":{"start":{"line":125,"column":32},"end":{"line":129,"column":3}}},"11":{"name":"(anonymous_18)","decl":{"start":{"line":131,"column":30},"end":{"line":131,"column":33}},"loc":{"start":{"line":131,"column":35},"end":{"line":142,"column":3}}},"12":{"name":"(anonymous_19)","decl":{"start":{"line":138,"column":19},"end":{"line":138,"column":22}},"loc":{"start":{"line":138,"column":25},"end":{"line":138,"column":34}}},"13":{"name":"(anonymous_20)","decl":{"start":{"line":147,"column":18},"end":{"line":147,"column":21}},"loc":{"start":{"line":147,"column":23},"end":{"line":153,"column":3}}},"14":{"name":"(anonymous_21)","decl":{"start":{"line":155,"column":12},"end":{"line":155,"column":15}},"loc":{"start":{"line":155,"column":17},"end":{"line":165,"column":3}}},"15":{"name":"(anonymous_22)","decl":{"start":{"line":162,"column":11},"end":{"line":162,"column":14}},"loc":{"start":{"line":162,"column":16},"end":{"line":164,"column":5}}},"16":{"name":"(anonymous_23)","decl":{"start":{"line":167,"column":12},"end":{"line":167,"column":15}},"loc":{"start":{"line":167,"column":17},"end":{"line":169,"column":3}}},"17":{"name":"(anonymous_24)","decl":{"start":{"line":171,"column":12},"end":{"line":171,"column":15}},"loc":{"start":{"line":171,"column":17},"end":{"line":177,"column":3}}},"18":{"name":"(anonymous_25)","decl":{"start":{"line":190,"column":23},"end":{"line":190,"column":26}},"loc":{"start":{"line":190,"column":29},"end":{"line":190,"column":38}}},"19":{"name":"(anonymous_26)","decl":{"start":{"line":192,"column":19},"end":{"line":192,"column":20}},"loc":{"start":{"line":193,"column":10},"end":{"line":202,"column":null}}},"20":{"name":"(anonymous_27)","decl":{"start":{"line":202,"column":25},"end":{"line":202,"column":28}},"loc":{"start":{"line":202,"column":31},"end":{"line":202,"column":47}}}},"branchMap":{"0":{"loc":{"start":{"line":17,"column":19},"end":{"line":17,"column":35}},"type":"default-arg","locations":[{"start":{"line":17,"column":19},"end":{"line":17,"column":35}}]},"1":{"loc":{"start":{"line":64,"column":4},"end":{"line":66,"column":null}},"type":"if","locations":[{"start":{"line":64,"column":4},"end":{"line":66,"column":null}},{"start":{"line":64,"column":4},"end":{"line":66,"column":null}}]},"2":{"loc":{"start":{"line":68,"column":4},"end":{"line":78,"column":null}},"type":"if","locations":[{"start":{"line":68,"column":4},"end":{"line":78,"column":null}},{"start":{"line":68,"column":4},"end":{"line":78,"column":null}}]},"3":{"loc":{"start":{"line":75,"column":6},"end":{"line":75,"column":22}},"type":"binary-expr","locations":[{"start":{"line":75,"column":6},"end":{"line":75,"column":22}},{"start":{"line":75,"column":26},"end":{"line":75,"column":55}}]},"4":{"loc":{"start":{"line":91,"column":4},"end":{"line":98,"column":null}},"type":"if","locations":[{"start":{"line":91,"column":4},"end":{"line":98,"column":null}},{"start":{"line":91,"column":4},"end":{"line":98,"column":null}}]},"5":{"loc":{"start":{"line":126,"column":4},"end":{"line":128,"column":null}},"type":"if","locations":[{"start":{"line":126,"column":4},"end":{"line":128,"column":null}},{"start":{"line":126,"column":4},"end":{"line":128,"column":null}}]},"6":{"loc":{"start":{"line":158,"column":4},"end":{"line":160,"column":null}},"type":"if","locations":[{"start":{"line":158,"column":4},"end":{"line":160,"column":null}},{"start":{"line":158,"column":4},"end":{"line":160,"column":null}}]},"7":{"loc":{"start":{"line":163,"column":6},"end":{"line":163,"column":13}},"type":"binary-expr","locations":[{"start":{"line":163,"column":6},"end":{"line":163,"column":13}},{"start":{"line":163,"column":17},"end":{"line":163,"column":38}}]},"8":{"loc":{"start":{"line":173,"column":4},"end":{"line":176,"column":null}},"type":"if","locations":[{"start":{"line":173,"column":4},"end":{"line":176,"column":null}},{"start":{"line":173,"column":4},"end":{"line":176,"column":null}}]}},"s":{"0":2,"1":2,"2":2,"3":2,"4":2,"5":2,"6":2,"7":2,"8":2,"9":2,"10":2,"11":2,"12":2,"13":23,"14":23,"15":23,"16":23,"17":23,"18":23,"19":23,"20":23,"21":23,"22":6,"23":6,"24":23,"25":6,"26":6,"27":6,"28":6,"29":23,"30":7,"31":7,"32":7,"33":2,"34":2,"35":2,"36":5,"37":5,"38":23,"39":1,"40":1,"41":1,"42":1,"43":1,"44":1,"45":1,"46":0,"47":0,"48":23,"49":144,"50":23,"51":144,"52":23,"53":8,"54":1,"55":23,"56":1,"57":0,"58":23,"59":1,"60":1,"61":1,"62":1,"63":1,"64":23,"65":15,"66":15,"67":2,"68":15,"69":15,"70":23,"71":8,"72":23,"73":6,"74":6,"75":6,"76":23,"77":1,"78":144,"79":7,"80":2,"81":2},"f":{"0":23,"1":6,"2":6,"3":7,"4":2,"5":1,"6":1,"7":0,"8":144,"9":144,"10":8,"11":1,"12":0,"13":1,"14":15,"15":15,"16":8,"17":6,"18":1,"19":144,"20":7},"b":{"0":[16],"1":[7,0],"2":[2,5],"3":[5,0],"4":[1,0],"5":[1,7],"6":[2,13],"7":[15,2],"8":[6,0]}}
,"/Users/jasonwong/Documents/memory-card-game/src/view/game/components/Card.tsx": {"path":"/Users/jasonwong/Documents/memory-card-game/src/view/game/components/Card.tsx","statementMap":{"0":{"start":{"line":1,"column":0},"end":{"line":1,"column":40}},"1":{"start":{"line":2,"column":0},"end":{"line":2,"column":65}},"2":{"start":{"line":3,"column":0},"end":{"line":3,"column":null}},"3":{"start":{"line":11,"column":0},"end":{"line":11,"column":53}},"4":{"start":{"line":24,"column":22},"end":{"line":24,"column":23}},"5":{"start":{"line":25,"column":24},"end":{"line":25,"column":27}},"6":{"start":{"line":26,"column":24},"end":{"line":26,"column":27}},"7":{"start":{"line":28,"column":13},"end":{"line":117,"column":1}},"8":{"start":{"line":38,"column":28},"end":{"line":41,"column":null}},"9":{"start":{"line":43,"column":29},"end":{"line":43,"column":60}},"10":{"start":{"line":44,"column":28},"end":{"line":44,"column":57}},"11":{"start":{"line":46,"column":29},"end":{"line":56,"column":4}},"12":{"start":{"line":47,"column":4},"end":{"line":52,"column":null}},"13":{"start":{"line":53,"column":4},"end":{"line":55,"column":null}},"14":{"start":{"line":58,"column":28},"end":{"line":68,"column":4}},"15":{"start":{"line":59,"column":4},"end":{"line":64,"column":null}},"16":{"start":{"line":65,"column":4},"end":{"line":67,"column":null}},"17":{"start":{"line":70,"column":15},"end":{"line":78,"column":3}},"18":{"start":{"line":71,"column":4},"end":{"line":77,"column":null}},"19":{"start":{"line":72,"column":6},"end":{"line":72,"column":null}},"20":{"start":{"line":73,"column":6},"end":{"line":73,"column":null}},"21":{"start":{"line":75,"column":6},"end":{"line":75,"column":null}},"22":{"start":{"line":76,"column":6},"end":{"line":76,"column":null}},"23":{"start":{"line":80,"column":18},"end":{"line":84,"column":3}},"24":{"start":{"line":81,"column":4},"end":{"line":83,"column":null}},"25":{"start":{"line":82,"column":6},"end":{"line":82,"column":null}},"26":{"start":{"line":86,"column":2},"end":{"line":90,"column":null}},"27":{"start":{"line":87,"column":4},"end":{"line":89,"column":null}},"28":{"start":{"line":88,"column":6},"end":{"line":88,"column":null}},"29":{"start":{"line":92,"column":2},"end":{"line":116,"column":null}},"30":{"start":{"line":119,"column":0},"end":{"line":119,"column":null}},"31":{"start":{"line":121,"column":15},"end":{"line":150,"column":2}}},"fnMap":{"0":{"name":"(anonymous_6)","decl":{"start":{"line":28,"column":13},"end":{"line":28,"column":14}},"loc":{"start":{"line":37,"column":12},"end":{"line":117,"column":1}}},"1":{"name":"(anonymous_7)","decl":{"start":{"line":46,"column":46},"end":{"line":46,"column":49}},"loc":{"start":{"line":46,"column":51},"end":{"line":56,"column":3}}},"2":{"name":"(anonymous_8)","decl":{"start":{"line":58,"column":45},"end":{"line":58,"column":48}},"loc":{"start":{"line":58,"column":50},"end":{"line":68,"column":3}}},"3":{"name":"(anonymous_9)","decl":{"start":{"line":70,"column":15},"end":{"line":70,"column":18}},"loc":{"start":{"line":70,"column":20},"end":{"line":78,"column":3}}},"4":{"name":"(anonymous_10)","decl":{"start":{"line":80,"column":18},"end":{"line":80,"column":21}},"loc":{"start":{"line":80,"column":23},"end":{"line":84,"column":3}}},"5":{"name":"(anonymous_11)","decl":{"start":{"line":86,"column":12},"end":{"line":86,"column":15}},"loc":{"start":{"line":86,"column":17},"end":{"line":90,"column":3}}}},"branchMap":{"0":{"loc":{"start":{"line":32,"column":12},"end":{"line":32,"column":17}},"type":"default-arg","locations":[{"start":{"line":32,"column":12},"end":{"line":32,"column":17}}]},"1":{"loc":{"start":{"line":33,"column":12},"end":{"line":33,"column":17}},"type":"default-arg","locations":[{"start":{"line":33,"column":12},"end":{"line":33,"column":17}}]},"2":{"loc":{"start":{"line":34,"column":13},"end":{"line":34,"column":18}},"type":"default-arg","locations":[{"start":{"line":34,"column":13},"end":{"line":34,"column":18}}]},"3":{"loc":{"start":{"line":35,"column":22},"end":{"line":35,"column":25}},"type":"default-arg","locations":[{"start":{"line":35,"column":22},"end":{"line":35,"column":25}}]},"4":{"loc":{"start":{"line":71,"column":4},"end":{"line":77,"column":null}},"type":"if","locations":[{"start":{"line":71,"column":4},"end":{"line":77,"column":null}},{"start":{"line":71,"column":4},"end":{"line":77,"column":null}}]},"5":{"loc":{"start":{"line":81,"column":4},"end":{"line":83,"column":null}},"type":"if","locations":[{"start":{"line":81,"column":4},"end":{"line":83,"column":null}},{"start":{"line":81,"column":4},"end":{"line":83,"column":null}}]},"6":{"loc":{"start":{"line":81,"column":8},"end":{"line":81,"column":16}},"type":"binary-expr","locations":[{"start":{"line":81,"column":8},"end":{"line":81,"column":16}},{"start":{"line":81,"column":20},"end":{"line":81,"column":29}},{"start":{"line":81,"column":33},"end":{"line":81,"column":41}}]},"7":{"loc":{"start":{"line":87,"column":4},"end":{"line":89,"column":null}},"type":"if","locations":[{"start":{"line":87,"column":4},"end":{"line":89,"column":null}},{"start":{"line":87,"column":4},"end":{"line":89,"column":null}}]},"8":{"loc":{"start":{"line":102,"column":43},"end":{"line":102,"column":52}},"type":"cond-expr","locations":[{"start":{"line":102,"column":43},"end":{"line":102,"column":52}},{"start":{"line":102,"column":55},"end":{"line":102,"column":57}}]}},"s":{"0":2,"1":2,"2":2,"3":2,"4":2,"5":2,"6":2,"7":2,"8":144,"9":144,"10":144,"11":144,"12":0,"13":0,"14":144,"15":0,"16":0,"17":144,"18":70,"19":7,"20":7,"21":63,"22":63,"23":144,"24":8,"25":7,"26":144,"27":74,"28":70,"29":144,"30":2,"31":2},"f":{"0":144,"1":0,"2":0,"3":70,"4":8,"5":74},"b":{"0":[0],"1":[0],"2":[0],"3":[0],"4":[7,63],"5":[7,1],"6":[8,8,7],"7":[70,4],"8":[13,131]}}
,"/Users/jasonwong/Documents/memory-card-game/src/view/game/components/Header.tsx": {"path":"/Users/jasonwong/Documents/memory-card-game/src/view/game/components/Header.tsx","statementMap":{"0":{"start":{"line":1,"column":0},"end":{"line":1,"column":25}},"1":{"start":{"line":2,"column":0},"end":{"line":2,"column":71}},"2":{"start":{"line":3,"column":0},"end":{"line":3,"column":44}},"3":{"start":{"line":10,"column":15},"end":{"line":26,"column":1}},"4":{"start":{"line":11,"column":2},"end":{"line":25,"column":null}},"5":{"start":{"line":28,"column":15},"end":{"line":47,"column":2}},"6":{"start":{"line":49,"column":0},"end":{"line":49,"column":null}}},"fnMap":{"0":{"name":"(anonymous_1)","decl":{"start":{"line":10,"column":15},"end":{"line":10,"column":16}},"loc":{"start":{"line":10,"column":54},"end":{"line":26,"column":1}}}},"branchMap":{"0":{"loc":{"start":{"line":10,"column":31},"end":{"line":10,"column":32}},"type":"default-arg","locations":[{"start":{"line":10,"column":31},"end":{"line":10,"column":32}}]}},"s":{"0":3,"1":3,"2":3,"3":3,"4":26,"5":3,"6":3},"f":{"0":26},"b":{"0":[0]}}
}
