TN:
SF:src/helpers/utils.ts
FN:7,(anonymous_0)
FN:22,(anonymous_1)
FN:39,(anonymous_2)
FN:42,(anonymous_3)
FNF:4
FNH:4
FNDA:10,(anonymous_0)
FNDA:7,(anonymous_1)
FNDA:1,(anonymous_2)
FNDA:1,(anonymous_3)
DA:7,2
DA:8,10
DA:9,10
DA:10,56
DA:11,56
DA:14,10
DA:22,2
DA:23,7
DA:25,7
DA:26,67
DA:27,67
DA:30,7
DA:39,2
DA:40,1
DA:42,1
LF:15
LH:15
BRDA:11,0,0,55
BRDA:11,0,1,1
BRDA:40,1,0,1
BRDA:40,1,1,1
BRDA:40,1,2,1
BRDA:40,1,3,1
BRF:6
BRH:6
end_of_record
TN:
SF:src/styles/styles.ts
FNF:0
FNH:0
DA:2,3
DA:7,3
LF:2
LH:2
BRF:0
BRH:0
end_of_record
TN:
SF:src/view/game/GameScreen.tsx
FN:16,GameScreen
FN:41,(anonymous_8)
FN:49,(anonymous_9)
FN:62,(anonymous_10)
FN:70,(anonymous_11)
FN:84,(anonymous_12)
FN:92,(anonymous_13)
FN:100,(anonymous_14)
FN:109,(anonymous_15)
FN:118,(anonymous_16)
FN:125,(anonymous_17)
FN:131,(anonymous_18)
FN:138,(anonymous_19)
FN:147,(anonymous_20)
FN:155,(anonymous_21)
FN:162,(anonymous_22)
FN:167,(anonymous_23)
FN:171,(anonymous_24)
FN:190,(anonymous_25)
FN:192,(anonymous_26)
FN:202,(anonymous_27)
FNF:21
FNH:19
FNDA:23,GameScreen
FNDA:6,(anonymous_8)
FNDA:6,(anonymous_9)
FNDA:7,(anonymous_10)
FNDA:2,(anonymous_11)
FNDA:1,(anonymous_12)
FNDA:1,(anonymous_13)
FNDA:0,(anonymous_14)
FNDA:144,(anonymous_15)
FNDA:144,(anonymous_16)
FNDA:8,(anonymous_17)
FNDA:1,(anonymous_18)
FNDA:0,(anonymous_19)
FNDA:1,(anonymous_20)
FNDA:15,(anonymous_21)
FNDA:15,(anonymous_22)
FNDA:8,(anonymous_23)
FNDA:6,(anonymous_24)
FNDA:1,(anonymous_25)
FNDA:144,(anonymous_26)
FNDA:7,(anonymous_27)
DA:1,2
DA:2,2
DA:3,2
DA:4,2
DA:5,2
DA:6,2
DA:7,2
DA:9,2
DA:10,2
DA:11,2
DA:12,2
DA:13,2
DA:14,2
DA:16,2
DA:21,23
DA:23,23
DA:24,23
DA:28,23
DA:29,23
DA:30,23
DA:34,23
DA:36,23
DA:41,23
DA:42,6
DA:43,6
DA:49,23
DA:51,6
DA:54,6
DA:57,6
DA:59,6
DA:62,23
DA:64,7
DA:65,7
DA:68,7
DA:70,2
DA:73,2
DA:75,5
DA:77,5
DA:84,23
DA:85,1
DA:88,1
DA:91,1
DA:92,1
DA:95,1
DA:97,1
DA:100,0
DA:101,0
DA:109,23
DA:110,144
DA:118,23
DA:119,144
DA:125,23
DA:126,8
DA:127,1
DA:131,23
DA:132,1
DA:138,0
DA:147,23
DA:148,1
DA:149,1
DA:150,1
DA:151,1
DA:152,1
DA:155,23
DA:157,15
DA:158,15
DA:159,2
DA:162,15
DA:163,15
DA:167,23
DA:168,8
DA:171,23
DA:173,6
DA:174,6
DA:175,6
DA:179,23
DA:190,1
DA:193,144
DA:202,7
DA:210,2
LF:80
LH:77
BRDA:17,0,0,16
BRDA:64,1,0,7
BRDA:64,1,1,0
BRDA:68,2,0,2
BRDA:68,2,1,5
BRDA:75,3,0,5
BRDA:75,3,1,0
BRDA:91,4,0,1
BRDA:91,4,1,0
BRDA:126,5,0,1
BRDA:126,5,1,7
BRDA:158,6,0,2
BRDA:158,6,1,13
BRDA:163,7,0,15
BRDA:163,7,1,2
BRDA:173,8,0,6
BRDA:173,8,1,0
BRF:17
BRH:13
end_of_record
TN:
SF:src/view/game/components/Card.tsx
FN:28,(anonymous_6)
FN:46,(anonymous_7)
FN:58,(anonymous_8)
FN:70,(anonymous_9)
FN:80,(anonymous_10)
FN:86,(anonymous_11)
FNF:6
FNH:4
FNDA:144,(anonymous_6)
FNDA:0,(anonymous_7)
FNDA:0,(anonymous_8)
FNDA:70,(anonymous_9)
FNDA:8,(anonymous_10)
FNDA:74,(anonymous_11)
DA:1,2
DA:2,2
DA:3,2
DA:11,2
DA:24,2
DA:25,2
DA:26,2
DA:28,2
DA:38,144
DA:43,144
DA:44,144
DA:46,144
DA:47,0
DA:53,0
DA:58,144
DA:59,0
DA:65,0
DA:70,144
DA:71,70
DA:72,7
DA:73,7
DA:75,63
DA:76,63
DA:80,144
DA:81,8
DA:82,7
DA:86,144
DA:87,74
DA:88,70
DA:92,144
DA:119,2
DA:121,2
LF:32
LH:28
BRDA:32,0,0,0
BRDA:33,1,0,0
BRDA:34,2,0,0
BRDA:35,3,0,0
BRDA:71,4,0,7
BRDA:71,4,1,63
BRDA:81,5,0,7
BRDA:81,5,1,1
BRDA:81,6,0,8
BRDA:81,6,1,8
BRDA:81,6,2,7
BRDA:87,7,0,70
BRDA:87,7,1,4
BRDA:102,8,0,13
BRDA:102,8,1,131
BRF:15
BRH:11
end_of_record
TN:
SF:src/view/game/components/Header.tsx
FN:10,(anonymous_1)
FNF:1
FNH:1
FNDA:26,(anonymous_1)
DA:1,3
DA:2,3
DA:3,3
DA:10,3
DA:11,26
DA:28,3
DA:49,3
LF:7
LH:7
BRDA:10,0,0,0
BRF:1
BRH:0
end_of_record
